[debug] [2021-11-22T18:21:54.679Z] ----------------------------------------------------------------------
[debug] [2021-11-22T18:21:54.680Z] Command:       /Users/tylerbratt/.nvm/versions/node/v15.11.0/bin/node /Users/tylerbratt/.nvm/versions/node/v15.11.0/bin/firebase emulators:start
[debug] [2021-11-22T18:21:54.680Z] CLI Version:   9.22.0
[debug] [2021-11-22T18:21:54.680Z] Platform:      darwin
[debug] [2021-11-22T18:21:54.680Z] Node Version:  v15.11.0
[debug] [2021-11-22T18:21:54.684Z] Time:          Mon Nov 22 2021 13:21:54 GMT-0500 (Eastern Standard Time)
[debug] [2021-11-22T18:21:54.684Z] ----------------------------------------------------------------------
[debug] 
[debug] [2021-11-22T18:21:54.707Z] > command requires scopes: ["email","openid","https://www.googleapis.com/auth/cloudplatformprojects.readonly","https://www.googleapis.com/auth/firebase","https://www.googleapis.com/auth/cloud-platform"]
[debug] [2021-11-22T18:21:54.707Z] > authorizing via signed-in user (enter.the.killjoy@gmail.com)
[info] i  emulators: Starting emulators: functions, database, hosting {"metadata":{"emulator":{"name":"hub"},"message":"Starting emulators: functions, database, hosting"}}
[debug] [2021-11-22T18:21:54.718Z] [hub] writing locator at /var/folders/rs/s88ddj0x6f3_6gbb8z5th7vm0000gn/T/hub-market-clone.json
[warn] ⚠  functions: The following emulators are not running, calls to these services from the Functions emulator will affect production: auth, firestore, pubsub, storage {"metadata":{"emulator":{"name":"functions"},"message":"The following emulators are not running, calls to these services from the Functions emulator will affect production: \u001b[1mauth, firestore, pubsub, storage\u001b[22m"}}
[info] ✔  functions: Using node@15 from host. {"metadata":{"emulator":{"name":"functions"},"message":"Using node@15 from host."}}
[debug] [2021-11-22T18:21:54.738Z] defaultcredentials: writing to file /Users/tylerbratt/.config/firebase/enter_the.killjoy_gmail.com_application_default_credentials.json
[debug] [2021-11-22T18:21:54.739Z] Setting GAC to /Users/tylerbratt/.config/firebase/enter_the.killjoy_gmail.com_application_default_credentials.json {"metadata":{"emulator":{"name":"functions"},"message":"Setting GAC to /Users/tylerbratt/.config/firebase/enter_the.killjoy_gmail.com_application_default_credentials.json"}}
[debug] [2021-11-22T18:21:54.740Z] >>> [apiv2][query] GET https://firebase.googleapis.com/v1beta1/projects/market-clone/adminSdkConfig [none]
[debug] [2021-11-22T18:21:55.097Z] <<< [apiv2][status] GET https://firebase.googleapis.com/v1beta1/projects/market-clone/adminSdkConfig 200
[debug] [2021-11-22T18:21:55.097Z] <<< [apiv2][body] GET https://firebase.googleapis.com/v1beta1/projects/market-clone/adminSdkConfig {"projectId":"market-clone","databaseURL":"https://market-clone-default-rtdb.firebaseio.com","storageBucket":"market-clone.appspot.com","locationId":"us-east1"}
[debug] [2021-11-22T18:21:55.127Z] >>> [apiv2][query] GET https://firebase.googleapis.com/v1beta1/projects/market-clone [none]
[debug] [2021-11-22T18:21:55.429Z] <<< [apiv2][status] GET https://firebase.googleapis.com/v1beta1/projects/market-clone 200
[debug] [2021-11-22T18:21:55.429Z] <<< [apiv2][body] GET https://firebase.googleapis.com/v1beta1/projects/market-clone {"projectId":"market-clone","projectNumber":"127289513329","displayName":"market-clone","name":"projects/market-clone","resources":{"hostingSite":"market-clone","realtimeDatabaseInstance":"market-clone-default-rtdb","storageBucket":"market-clone.appspot.com","locationId":"us-east1"},"state":"ACTIVE"}
[debug] [2021-11-22T18:21:55.430Z] database rules config:  [{"instance":"market-clone-default-rtdb","rules":"/Users/tylerbratt/Personal Projects/amazon-clone/firebase.json"}]
[debug] [2021-11-22T18:21:55.434Z] Ignoring unsupported arg: projectId {"metadata":{"emulator":{"name":"database"},"message":"Ignoring unsupported arg: projectId"}}
[debug] [2021-11-22T18:21:55.435Z] Ignoring unsupported arg: auto_download {"metadata":{"emulator":{"name":"database"},"message":"Ignoring unsupported arg: auto_download"}}
[debug] [2021-11-22T18:21:55.435Z] Ignoring unsupported arg: rules {"metadata":{"emulator":{"name":"database"},"message":"Ignoring unsupported arg: rules"}}
[debug] [2021-11-22T18:21:55.435Z] Starting Database Emulator with command {"binary":"java","args":["-Duser.language=en","-jar","/Users/tylerbratt/.cache/firebase/emulators/firebase-database-emulator-v4.7.2.jar","--host","localhost","--port",9000,"--functions_emulator_host","localhost","--functions_emulator_port",5001],"optionalArgs":["port","host","functions_emulator_port","functions_emulator_host"],"joinArgs":false} {"metadata":{"emulator":{"name":"database"},"message":"Starting Database Emulator with command {\"binary\":\"java\",\"args\":[\"-Duser.language=en\",\"-jar\",\"/Users/tylerbratt/.cache/firebase/emulators/firebase-database-emulator-v4.7.2.jar\",\"--host\",\"localhost\",\"--port\",9000,\"--functions_emulator_host\",\"localhost\",\"--functions_emulator_port\",5001],\"optionalArgs\":[\"port\",\"host\",\"functions_emulator_port\",\"functions_emulator_host\"],\"joinArgs\":false}"}}
[info] i  database: Database Emulator logging to database-debug.log {"metadata":{"emulator":{"name":"database"},"message":"Database Emulator logging to \u001b[1mdatabase-debug.log\u001b[22m"}}
[debug] [2021-11-22T18:21:57.294Z] 13:21:57.293 [NamespaceSystem-akka.actor.default-dispatcher-5] INFO akka.event.slf4j.Slf4jLogger - Slf4jLogger started
 {"metadata":{"emulator":{"name":"database"},"message":"13:21:57.293 [NamespaceSystem-akka.actor.default-dispatcher-5] INFO akka.event.slf4j.Slf4jLogger - Slf4jLogger started\n"}}
[debug] [2021-11-22T18:21:57.489Z] 13:21:57.488 [main] INFO com.firebase.server.forge.App$ - Listening at localhost:9000
 {"metadata":{"emulator":{"name":"database"},"message":"13:21:57.488 [main] INFO com.firebase.server.forge.App$ - Listening at localhost:9000\n"}}
[debug] [2021-11-22T18:21:57.719Z] >>> [apiv2][query] GET https://firebasehosting.googleapis.com/v1beta1/projects/market-clone/sites 
[debug] [2021-11-22T18:21:58.064Z] <<< [apiv2][status] GET https://firebasehosting.googleapis.com/v1beta1/projects/market-clone/sites 200
[debug] [2021-11-22T18:21:58.064Z] <<< [apiv2][body] GET https://firebasehosting.googleapis.com/v1beta1/projects/market-clone/sites {"sites":[{"name":"projects/127289513329/sites/market-clone","defaultUrl":"https://market-clone.web.app","appId":"1:127289513329:web:b97e2f3d7d716404bb92d0","type":"DEFAULT_SITE"}]}
[debug] [2021-11-22T18:21:58.065Z] >>> [apiv2][query] GET https://firebase.googleapis.com/v1beta1/projects/market-clone/webApps/1:127289513329:web:b97e2f3d7d716404bb92d0/config [none]
[debug] [2021-11-22T18:21:58.494Z] <<< [apiv2][status] GET https://firebase.googleapis.com/v1beta1/projects/market-clone/webApps/1:127289513329:web:b97e2f3d7d716404bb92d0/config 200
[debug] [2021-11-22T18:21:58.494Z] <<< [apiv2][body] GET https://firebase.googleapis.com/v1beta1/projects/market-clone/webApps/1:127289513329:web:b97e2f3d7d716404bb92d0/config {"projectId":"market-clone","appId":"1:127289513329:web:b97e2f3d7d716404bb92d0","databaseURL":"https://market-clone-default-rtdb.firebaseio.com","storageBucket":"market-clone.appspot.com","locationId":"us-east1","apiKey":"AIzaSyB5DSx1M5vuA2tk3GCjAtws9jFMd7lPkRI","authDomain":"market-clone.firebaseapp.com","messagingSenderId":"127289513329","measurementId":"G-HND3Q9R5F8"}
[info] i  hosting: Serving hosting files from: build {"metadata":{"emulator":{"name":"hosting"},"message":"Serving hosting files from: \u001b[1mbuild\u001b[22m"}}
[info] ✔  hosting: Local server: http://localhost:5002 {"metadata":{"emulator":{"name":"hosting"},"message":"Local server: \u001b[4m\u001b[1mhttp://localhost:5002\u001b[22m\u001b[24m"}}
[debug] [2021-11-22T18:21:58.535Z] Ignoring unsupported arg: auto_download {"metadata":{"emulator":{"name":"ui"},"message":"Ignoring unsupported arg: auto_download"}}
[debug] [2021-11-22T18:21:58.535Z] Ignoring unsupported arg: port {"metadata":{"emulator":{"name":"ui"},"message":"Ignoring unsupported arg: port"}}
[debug] [2021-11-22T18:21:58.535Z] Starting Emulator UI with command {"binary":"node","args":["/Users/tylerbratt/.cache/firebase/emulators/ui-v1.6.4/server.bundle.js"],"optionalArgs":[],"joinArgs":false} {"metadata":{"emulator":{"name":"ui"},"message":"Starting Emulator UI with command {\"binary\":\"node\",\"args\":[\"/Users/tylerbratt/.cache/firebase/emulators/ui-v1.6.4/server.bundle.js\"],\"optionalArgs\":[],\"joinArgs\":false}"}}
[info] i  ui: Emulator UI logging to ui-debug.log {"metadata":{"emulator":{"name":"ui"},"message":"Emulator UI logging to \u001b[1mui-debug.log\u001b[22m"}}
[debug] [2021-11-22T18:21:58.599Z] Web / API server started at localhost:4000
 {"metadata":{"emulator":{"name":"ui"},"message":"Web / API server started at localhost:4000\n"}}
[info] i  functions: Watching "/Users/tylerbratt/Personal Projects/amazon-clone/functions" for Cloud Functions... {"metadata":{"emulator":{"name":"functions"},"message":"Watching \"/Users/tylerbratt/Personal Projects/amazon-clone/functions\" for Cloud Functions..."}}
[debug] [2021-11-22T18:21:58.812Z] [worker-pool] addWorker(~diagnostic~) {"metadata":{"emulator":{"name":"functions"},"message":"[worker-pool] addWorker(~diagnostic~)"}}
[debug] [2021-11-22T18:21:58.813Z] [worker-pool] Adding worker with key ~diagnostic~, total=1 {"metadata":{"emulator":{"name":"functions"},"message":"[worker-pool] Adding worker with key ~diagnostic~, total=1"}}
[debug] [2021-11-22T18:21:58.813Z] [worker-pool] submitWork(triggerId=) {"metadata":{"emulator":{"name":"functions"},"message":"[worker-pool] submitWork(triggerId=)"}}
[debug] [2021-11-22T18:21:58.813Z] [worker-~diagnostic~-3c0bfef8-a679-4ea8-9ff8-1f68b9ceb031]: Assigning socketPath: /var/folders/rs/s88ddj0x6f3_6gbb8z5th7vm0000gn/T/fire_emu_54829.sock {"metadata":{"emulator":{"name":"functions"},"message":"[worker-~diagnostic~-3c0bfef8-a679-4ea8-9ff8-1f68b9ceb031]: Assigning socketPath: /var/folders/rs/s88ddj0x6f3_6gbb8z5th7vm0000gn/T/fire_emu_54829.sock"}}
[debug] [2021-11-22T18:21:58.814Z] [worker-~diagnostic~-3c0bfef8-a679-4ea8-9ff8-1f68b9ceb031]: BUSY {"metadata":{"emulator":{"name":"functions"},"message":"[worker-~diagnostic~-3c0bfef8-a679-4ea8-9ff8-1f68b9ceb031]: BUSY"}}
[debug] [2021-11-22T18:21:58.906Z] [runtime-status] [54829] Functions runtime initialized. {"cwd":"/Users/tylerbratt/Personal Projects/amazon-clone/functions","node_version":"15.11.0"} {"metadata":{"emulator":{"name":"functions"},"message":"[runtime-status] [54829] Functions runtime initialized. {\"cwd\":\"/Users/tylerbratt/Personal Projects/amazon-clone/functions\",\"node_version\":\"15.11.0\"}"}}
[debug] [2021-11-22T18:21:58.907Z] [runtime-status] [54829] Disabled runtime features: undefined {"metadata":{"emulator":{"name":"functions"},"message":"[runtime-status] [54829] Disabled runtime features: undefined"}}
[debug] [2021-11-22T18:21:58.911Z] [runtime-status] [54829] Resolved module firebase-admin {"declared":true,"installed":true,"version":"9.12.0","resolution":"/Users/tylerbratt/Personal Projects/amazon-clone/functions/node_modules/firebase-admin/lib/index.js"} {"metadata":{"emulator":{"name":"functions"},"message":"[runtime-status] [54829] Resolved module firebase-admin {\"declared\":true,\"installed\":true,\"version\":\"9.12.0\",\"resolution\":\"/Users/tylerbratt/Personal Projects/amazon-clone/functions/node_modules/firebase-admin/lib/index.js\"}"}}
[debug] [2021-11-22T18:21:58.912Z] [runtime-status] [54829] Resolved module firebase-functions {"declared":true,"installed":true,"version":"3.16.0","resolution":"/Users/tylerbratt/Personal Projects/amazon-clone/functions/node_modules/firebase-functions/lib/index.js"} {"metadata":{"emulator":{"name":"functions"},"message":"[runtime-status] [54829] Resolved module firebase-functions {\"declared\":true,\"installed\":true,\"version\":\"3.16.0\",\"resolution\":\"/Users/tylerbratt/Personal Projects/amazon-clone/functions/node_modules/firebase-functions/lib/index.js\"}"}}
[debug] [2021-11-22T18:21:58.913Z] [runtime-status] [54829] Outgoing network have been stubbed. [{"name":"http","status":"mocked"},{"name":"http","status":"mocked"},{"name":"https","status":"mocked"},{"name":"https","status":"mocked"},{"name":"net","status":"mocked"}] {"metadata":{"emulator":{"name":"functions"},"message":"[runtime-status] [54829] Outgoing network have been stubbed. [{\"name\":\"http\",\"status\":\"mocked\"},{\"name\":\"http\",\"status\":\"mocked\"},{\"name\":\"https\",\"status\":\"mocked\"},{\"name\":\"https\",\"status\":\"mocked\"},{\"name\":\"net\",\"status\":\"mocked\"}]"}}
[debug] [2021-11-22T18:21:58.913Z] [runtime-status] [54829] Resolved module firebase-functions {"declared":true,"installed":true,"version":"3.16.0","resolution":"/Users/tylerbratt/Personal Projects/amazon-clone/functions/node_modules/firebase-functions/lib/index.js"} {"metadata":{"emulator":{"name":"functions"},"message":"[runtime-status] [54829] Resolved module firebase-functions {\"declared\":true,\"installed\":true,\"version\":\"3.16.0\",\"resolution\":\"/Users/tylerbratt/Personal Projects/amazon-clone/functions/node_modules/firebase-functions/lib/index.js\"}"}}
[debug] [2021-11-22T18:21:58.945Z] [runtime-status] [54829] Checked functions.config() {"config":{}} {"metadata":{"emulator":{"name":"functions"},"message":"[runtime-status] [54829] Checked functions.config() {\"config\":{}}"}}
[debug] [2021-11-22T18:21:58.945Z] [runtime-status] [54829] firebase-functions has been stubbed. {"functionsResolution":{"declared":true,"installed":true,"version":"3.16.0","resolution":"/Users/tylerbratt/Personal Projects/amazon-clone/functions/node_modules/firebase-functions/lib/index.js"}} {"metadata":{"emulator":{"name":"functions"},"message":"[runtime-status] [54829] firebase-functions has been stubbed. {\"functionsResolution\":{\"declared\":true,\"installed\":true,\"version\":\"3.16.0\",\"resolution\":\"/Users/tylerbratt/Personal Projects/amazon-clone/functions/node_modules/firebase-functions/lib/index.js\"}}"}}
[debug] [2021-11-22T18:21:58.945Z] [runtime-status] [54829] Resolved module firebase-functions {"declared":true,"installed":true,"version":"3.16.0","resolution":"/Users/tylerbratt/Personal Projects/amazon-clone/functions/node_modules/firebase-functions/lib/index.js"} {"metadata":{"emulator":{"name":"functions"},"message":"[runtime-status] [54829] Resolved module firebase-functions {\"declared\":true,\"installed\":true,\"version\":\"3.16.0\",\"resolution\":\"/Users/tylerbratt/Personal Projects/amazon-clone/functions/node_modules/firebase-functions/lib/index.js\"}"}}
[debug] [2021-11-22T18:21:58.945Z] [runtime-status] [54829] Resolved module firebase-admin {"declared":true,"installed":true,"version":"9.12.0","resolution":"/Users/tylerbratt/Personal Projects/amazon-clone/functions/node_modules/firebase-admin/lib/index.js"} {"metadata":{"emulator":{"name":"functions"},"message":"[runtime-status] [54829] Resolved module firebase-admin {\"declared\":true,\"installed\":true,\"version\":\"9.12.0\",\"resolution\":\"/Users/tylerbratt/Personal Projects/amazon-clone/functions/node_modules/firebase-admin/lib/index.js\"}"}}
[debug] [2021-11-22T18:21:58.945Z] [runtime-status] [54829] Resolved module firebase-functions {"declared":true,"installed":true,"version":"3.16.0","resolution":"/Users/tylerbratt/Personal Projects/amazon-clone/functions/node_modules/firebase-functions/lib/index.js"} {"metadata":{"emulator":{"name":"functions"},"message":"[runtime-status] [54829] Resolved module firebase-functions {\"declared\":true,\"installed\":true,\"version\":\"3.16.0\",\"resolution\":\"/Users/tylerbratt/Personal Projects/amazon-clone/functions/node_modules/firebase-functions/lib/index.js\"}"}}
[debug] [2021-11-22T18:21:58.946Z] [runtime-status] [54829] firebase-admin has been stubbed. {"adminResolution":{"declared":true,"installed":true,"version":"9.12.0","resolution":"/Users/tylerbratt/Personal Projects/amazon-clone/functions/node_modules/firebase-admin/lib/index.js"}} {"metadata":{"emulator":{"name":"functions"},"message":"[runtime-status] [54829] firebase-admin has been stubbed. {\"adminResolution\":{\"declared\":true,\"installed\":true,\"version\":\"9.12.0\",\"resolution\":\"/Users/tylerbratt/Personal Projects/amazon-clone/functions/node_modules/firebase-admin/lib/index.js\"}}"}}
[info] ✔  functions[us-central1-api]: http function initialized (http://localhost:5001/market-clone/us-central1/api). {"metadata":{"emulator":{"name":"functions"},"message":"\u001b[1mhttp\u001b[22m function initialized (http://localhost:5001/market-clone/us-central1/api)."}}
[debug] [2021-11-22T18:21:59.008Z] >>> HTTP REQUEST PUT http://localhost:9000/.settings/rules.json?ns=market-clone-default-rtdb  
 {
  "database": {
    "rules": "firebase.json"
  },
  "hosting": {
    "public": "build",
    "ignore": [
      "firebase.json",
      "**/.*",
      "**/node_modules/**"
    ],
    "rewrites": [
      {
        "source": "**",
        "destination": "/index.html"
      }
    ]
  },
  "functions": {
    "source": "functions"
  },
  "emulators": {
    "functions": {
      "port": 5001
    },
    "database": {
      "port": 9000
    },
    "hosting": {
      "port": 5002
    },
    "ui": {
      "enabled": true
    }
  }
}

[debug] [2021-11-22T18:21:59.009Z] [worker-~diagnostic~-3c0bfef8-a679-4ea8-9ff8-1f68b9ceb031]: IDLE {"metadata":{"emulator":{"name":"functions"},"message":"[worker-~diagnostic~-3c0bfef8-a679-4ea8-9ff8-1f68b9ceb031]: IDLE"}}
[debug] [2021-11-22T18:21:59.567Z] <<< HTTP RESPONSE 400 {"content-length":"52","content-type":"application/json; charset=utf-8","access-control-allow-origin":"*","cache-control":"no-cache","x-firebase-project-id":"market-clone-default-rtdb","x-firebase-project-number":"123456789","x-firebase-uuid":"879fdd2c-5017-448a-bfcc-6fc0eee3a23e"}
[debug] [2021-11-22T18:21:59.567Z] <<< HTTP RESPONSE BODY {
  "error" : "2:3: Expected 'rules' property.\n"
}

[info] i  emulators: Shutting down emulators. {"metadata":{"emulator":{"name":"hub"},"message":"Shutting down emulators."}}
[info] i  ui: Stopping Emulator UI {"metadata":{"emulator":{"name":"ui"},"message":"Stopping Emulator UI"}}
[warn] ⚠  Emulator UI has exited upon receiving signal: SIGINT 
[info] i  functions: Stopping Functions Emulator {"metadata":{"emulator":{"name":"functions"},"message":"Stopping Functions Emulator"}}
[info] i  hosting: Stopping Hosting Emulator {"metadata":{"emulator":{"name":"hosting"},"message":"Stopping Hosting Emulator"}}
[info] i  database: Stopping Database Emulator {"metadata":{"emulator":{"name":"database"},"message":"Stopping Database Emulator"}}
[debug] [2021-11-22T18:21:59.573Z] [worker-~diagnostic~-3c0bfef8-a679-4ea8-9ff8-1f68b9ceb031]: exited {"metadata":{"emulator":{"name":"functions"},"message":"[worker-~diagnostic~-3c0bfef8-a679-4ea8-9ff8-1f68b9ceb031]: exited"}}
[debug] [2021-11-22T18:21:59.574Z] [worker-~diagnostic~-3c0bfef8-a679-4ea8-9ff8-1f68b9ceb031]: FINISHED {"metadata":{"emulator":{"name":"functions"},"message":"[worker-~diagnostic~-3c0bfef8-a679-4ea8-9ff8-1f68b9ceb031]: FINISHED"}}
[debug] [2021-11-22T18:21:59.577Z] 13:21:59.576 [Thread-1] INFO com.firebase.server.forge.App$ - Attempting graceful shutdown.
 {"metadata":{"emulator":{"name":"database"},"message":"13:21:59.576 [Thread-1] INFO com.firebase.server.forge.App$ - Attempting graceful shutdown.\n"}}
[debug] [2021-11-22T18:21:59.595Z] 13:21:59.595 [NamespaceSystem-akka.actor.default-dispatcher-5] INFO com.firebase.core.namespace.Terminator$Terminator - 1 actors left to terminate: market-clone-default-rtdb
 {"metadata":{"emulator":{"name":"database"},"message":"13:21:59.595 [NamespaceSystem-akka.actor.default-dispatcher-5] INFO com.firebase.core.namespace.Terminator$Terminator - 1 actors left to terminate: market-clone-default-rtdb\n"}}
[debug] [2021-11-22T18:21:59.601Z] 13:21:59.601 [NamespaceSystem-akka.actor.default-dispatcher-9] INFO com.firebase.core.namespace.NamespaceActor - Stopping namespace actor for market-clone-default-rtdb
 {"metadata":{"emulator":{"name":"database"},"message":"13:21:59.601 [NamespaceSystem-akka.actor.default-dispatcher-9] INFO com.firebase.core.namespace.NamespaceActor - Stopping namespace actor for market-clone-default-rtdb\n"}}
[debug] [2021-11-22T18:21:59.602Z] 13:21:59.602 [NamespaceSystem-akka.actor.default-dispatcher-9] INFO com.firebase.core.namespace.NamespaceActor - Gauges removed for market-clone-default-rtdb
 {"metadata":{"emulator":{"name":"database"},"message":"13:21:59.602 [NamespaceSystem-akka.actor.default-dispatcher-9] INFO com.firebase.core.namespace.NamespaceActor - Gauges removed for market-clone-default-rtdb\n"}}
[debug] [2021-11-22T18:21:59.605Z] 13:21:59.605 [Thread-1] INFO com.firebase.server.forge.App$ - Graceful shutdown complete.
 {"metadata":{"emulator":{"name":"database"},"message":"13:21:59.605 [Thread-1] INFO com.firebase.server.forge.App$ - Graceful shutdown complete.\n"}}
[info] i  hub: Stopping emulator hub {"metadata":{"emulator":{"name":"hub"},"message":"Stopping emulator hub"}}
[info] i  logging: Stopping Logging Emulator {"metadata":{"emulator":{"name":"logging"},"message":"Stopping Logging Emulator"}}
[debug] 
[error] 
[error] Error: An unexpected error has occurred.
[debug] [2021-11-22T18:22:23.263Z] ----------------------------------------------------------------------
[debug] [2021-11-22T18:22:23.264Z] Command:       /Users/tylerbratt/.nvm/versions/node/v15.11.0/bin/node /Users/tylerbratt/.nvm/versions/node/v15.11.0/bin/firebase serve
[debug] [2021-11-22T18:22:23.264Z] CLI Version:   9.22.0
[debug] [2021-11-22T18:22:23.264Z] Platform:      darwin
[debug] [2021-11-22T18:22:23.264Z] Node Version:  v15.11.0
[debug] [2021-11-22T18:22:23.264Z] Time:          Mon Nov 22 2021 13:22:23 GMT-0500 (Eastern Standard Time)
[debug] [2021-11-22T18:22:23.264Z] ----------------------------------------------------------------------
[debug] 
[debug] [2021-11-22T18:22:23.288Z] > command requires scopes: ["email","openid","https://www.googleapis.com/auth/cloudplatformprojects.readonly","https://www.googleapis.com/auth/firebase","https://www.googleapis.com/auth/cloud-platform"]
[debug] [2021-11-22T18:22:23.288Z] > authorizing via signed-in user (enter.the.killjoy@gmail.com)
[debug] [2021-11-22T18:22:23.288Z] [iam] checking project market-clone for permissions ["firebase.projects.get"]
[debug] [2021-11-22T18:22:23.289Z] > refreshing access token with scopes: ["email","https://www.googleapis.com/auth/cloud-platform","https://www.googleapis.com/auth/cloudplatformprojects.readonly","https://www.googleapis.com/auth/firebase","openid"]
[debug] [2021-11-22T18:22:23.289Z] >>> HTTP REQUEST POST https://www.googleapis.com/oauth2/v3/token  
 <request body omitted>
[debug] [2021-11-22T18:22:23.477Z] <<< HTTP RESPONSE 200 {"cache-control":"no-cache, no-store, max-age=0, must-revalidate","pragma":"no-cache","date":"Mon, 22 Nov 2021 18:22:23 GMT","expires":"Mon, 01 Jan 1990 00:00:00 GMT","content-type":"application/json; charset=utf-8","vary":"X-Origin, Referer, Origin,Accept-Encoding","server":"scaffolding on HTTPServer2","x-xss-protection":"0","x-frame-options":"SAMEORIGIN","x-content-type-options":"nosniff","alt-svc":"h3=\":443\"; ma=2592000,h3-29=\":443\"; ma=2592000,h3-Q050=\":443\"; ma=2592000,h3-Q046=\":443\"; ma=2592000,h3-Q043=\":443\"; ma=2592000,quic=\":443\"; ma=2592000; v=\"46,43\"","accept-ranges":"none","transfer-encoding":"chunked"}
[debug] [2021-11-22T18:22:23.521Z] >>> HTTP REQUEST POST https://cloudresourcemanager.googleapis.com/v1/projects/market-clone:testIamPermissions  
 {"permissions":["firebase.projects.get"]}
[debug] [2021-11-22T18:22:23.838Z] <<< HTTP RESPONSE 200 {"content-type":"application/json; charset=UTF-8","vary":"X-Origin, Referer, Origin,Accept-Encoding","date":"Mon, 22 Nov 2021 18:22:23 GMT","server":"ESF","cache-control":"private","x-xss-protection":"0","x-frame-options":"SAMEORIGIN","x-content-type-options":"nosniff","server-timing":"gfet4t7; dur=169","alt-svc":"h3=\":443\"; ma=2592000,h3-29=\":443\"; ma=2592000,h3-Q050=\":443\"; ma=2592000,h3-Q046=\":443\"; ma=2592000,h3-Q043=\":443\"; ma=2592000,quic=\":443\"; ma=2592000; v=\"46,43\"","accept-ranges":"none","transfer-encoding":"chunked"}
[debug] [2021-11-22T18:22:23.841Z] > refreshing access token with scopes: []
[debug] [2021-11-22T18:22:23.841Z] >>> HTTP REQUEST POST https://www.googleapis.com/oauth2/v3/token  
 <request body omitted>
[debug] [2021-11-22T18:22:23.972Z] <<< HTTP RESPONSE 200 {"date":"Mon, 22 Nov 2021 18:22:23 GMT","expires":"Mon, 01 Jan 1990 00:00:00 GMT","cache-control":"no-cache, no-store, max-age=0, must-revalidate","pragma":"no-cache","content-type":"application/json; charset=utf-8","vary":"X-Origin, Referer, Origin,Accept-Encoding","server":"scaffolding on HTTPServer2","x-xss-protection":"0","x-frame-options":"SAMEORIGIN","x-content-type-options":"nosniff","alt-svc":"h3=\":443\"; ma=2592000,h3-29=\":443\"; ma=2592000,h3-Q050=\":443\"; ma=2592000,h3-Q046=\":443\"; ma=2592000,h3-Q043=\":443\"; ma=2592000,quic=\":443\"; ma=2592000; v=\"46,43\"","accept-ranges":"none","transfer-encoding":"chunked"}
[debug] [2021-11-22T18:22:24.021Z] >>> [apiv2][query] GET https://firebase.googleapis.com/v1beta1/projects/market-clone [none]
[debug] [2021-11-22T18:22:24.470Z] <<< [apiv2][status] GET https://firebase.googleapis.com/v1beta1/projects/market-clone 200
[debug] [2021-11-22T18:22:24.471Z] <<< [apiv2][body] GET https://firebase.googleapis.com/v1beta1/projects/market-clone {"projectId":"market-clone","projectNumber":"127289513329","displayName":"market-clone","name":"projects/market-clone","resources":{"hostingSite":"market-clone","realtimeDatabaseInstance":"market-clone-default-rtdb","storageBucket":"market-clone.appspot.com","locationId":"us-east1"},"state":"ACTIVE"}
[info] 
[info] === Serving from '/Users/tylerbratt/Personal Projects/amazon-clone'...
[info] 
[debug] [2021-11-22T18:22:24.475Z] >>> [apiv2][query] GET https://firebasehosting.googleapis.com/v1beta1/projects/market-clone/sites 
[info] ✔  functions: Using node@15 from host. {"metadata":{"emulator":{"name":"functions"},"message":"Using node@15 from host."}}
[debug] [2021-11-22T18:22:24.488Z] defaultcredentials: writing to file /Users/tylerbratt/.config/firebase/enter_the.killjoy_gmail.com_application_default_credentials.json
[debug] [2021-11-22T18:22:24.489Z] Setting GAC to /Users/tylerbratt/.config/firebase/enter_the.killjoy_gmail.com_application_default_credentials.json {"metadata":{"emulator":{"name":"functions"},"message":"Setting GAC to /Users/tylerbratt/.config/firebase/enter_the.killjoy_gmail.com_application_default_credentials.json"}}
[debug] [2021-11-22T18:22:24.490Z] >>> [apiv2][query] GET https://firebase.googleapis.com/v1beta1/projects/market-clone/adminSdkConfig [none]
[debug] [2021-11-22T18:22:24.768Z] <<< [apiv2][status] GET https://firebasehosting.googleapis.com/v1beta1/projects/market-clone/sites 200
[debug] [2021-11-22T18:22:24.769Z] <<< [apiv2][body] GET https://firebasehosting.googleapis.com/v1beta1/projects/market-clone/sites {"sites":[{"name":"projects/127289513329/sites/market-clone","defaultUrl":"https://market-clone.web.app","appId":"1:127289513329:web:b97e2f3d7d716404bb92d0","type":"DEFAULT_SITE"}]}
[debug] [2021-11-22T18:22:24.769Z] >>> [apiv2][query] GET https://firebase.googleapis.com/v1beta1/projects/market-clone/webApps/1:127289513329:web:b97e2f3d7d716404bb92d0/config [none]
[debug] [2021-11-22T18:22:24.817Z] <<< [apiv2][status] GET https://firebase.googleapis.com/v1beta1/projects/market-clone/adminSdkConfig 200
[debug] [2021-11-22T18:22:24.817Z] <<< [apiv2][body] GET https://firebase.googleapis.com/v1beta1/projects/market-clone/adminSdkConfig {"projectId":"market-clone","databaseURL":"https://market-clone-default-rtdb.firebaseio.com","storageBucket":"market-clone.appspot.com","locationId":"us-east1"}
[debug] [2021-11-22T18:22:25.282Z] <<< [apiv2][status] GET https://firebase.googleapis.com/v1beta1/projects/market-clone/webApps/1:127289513329:web:b97e2f3d7d716404bb92d0/config 200
[debug] [2021-11-22T18:22:25.282Z] <<< [apiv2][body] GET https://firebase.googleapis.com/v1beta1/projects/market-clone/webApps/1:127289513329:web:b97e2f3d7d716404bb92d0/config {"projectId":"market-clone","appId":"1:127289513329:web:b97e2f3d7d716404bb92d0","databaseURL":"https://market-clone-default-rtdb.firebaseio.com","storageBucket":"market-clone.appspot.com","locationId":"us-east1","apiKey":"AIzaSyB5DSx1M5vuA2tk3GCjAtws9jFMd7lPkRI","authDomain":"market-clone.firebaseapp.com","messagingSenderId":"127289513329","measurementId":"G-HND3Q9R5F8"}
[info] i  functions: Watching "/Users/tylerbratt/Personal Projects/amazon-clone/functions" for Cloud Functions... {"metadata":{"emulator":{"name":"functions"},"message":"Watching \"/Users/tylerbratt/Personal Projects/amazon-clone/functions\" for Cloud Functions..."}}
[debug] [2021-11-22T18:22:25.320Z] [worker-pool] addWorker(~diagnostic~) {"metadata":{"emulator":{"name":"functions"},"message":"[worker-pool] addWorker(~diagnostic~)"}}
[debug] [2021-11-22T18:22:25.321Z] [worker-pool] Adding worker with key ~diagnostic~, total=1 {"metadata":{"emulator":{"name":"functions"},"message":"[worker-pool] Adding worker with key ~diagnostic~, total=1"}}
[debug] [2021-11-22T18:22:25.321Z] [worker-pool] submitWork(triggerId=) {"metadata":{"emulator":{"name":"functions"},"message":"[worker-pool] submitWork(triggerId=)"}}
[debug] [2021-11-22T18:22:25.321Z] [worker-~diagnostic~-8691025f-81e7-4e93-b7dd-c3e3b61cfb61]: Assigning socketPath: /var/folders/rs/s88ddj0x6f3_6gbb8z5th7vm0000gn/T/fire_emu_54896.sock {"metadata":{"emulator":{"name":"functions"},"message":"[worker-~diagnostic~-8691025f-81e7-4e93-b7dd-c3e3b61cfb61]: Assigning socketPath: /var/folders/rs/s88ddj0x6f3_6gbb8z5th7vm0000gn/T/fire_emu_54896.sock"}}
[debug] [2021-11-22T18:22:25.321Z] [worker-~diagnostic~-8691025f-81e7-4e93-b7dd-c3e3b61cfb61]: BUSY {"metadata":{"emulator":{"name":"functions"},"message":"[worker-~diagnostic~-8691025f-81e7-4e93-b7dd-c3e3b61cfb61]: BUSY"}}
[info] i  hosting: Serving hosting files from: build {"metadata":{"emulator":{"name":"hosting"},"message":"Serving hosting files from: \u001b[1mbuild\u001b[22m"}}
[info] ✔  hosting: Local server: http://localhost:5000 {"metadata":{"emulator":{"name":"hosting"},"message":"Local server: \u001b[4m\u001b[1mhttp://localhost:5000\u001b[22m\u001b[24m"}}
[debug] [2021-11-22T18:22:25.394Z] [runtime-status] [54896] Functions runtime initialized. {"cwd":"/Users/tylerbratt/Personal Projects/amazon-clone/functions","node_version":"15.11.0"} {"metadata":{"emulator":{"name":"functions"},"message":"[runtime-status] [54896] Functions runtime initialized. {\"cwd\":\"/Users/tylerbratt/Personal Projects/amazon-clone/functions\",\"node_version\":\"15.11.0\"}"}}
[debug] [2021-11-22T18:22:25.395Z] [runtime-status] [54896] Disabled runtime features: undefined {"metadata":{"emulator":{"name":"functions"},"message":"[runtime-status] [54896] Disabled runtime features: undefined"}}
[debug] [2021-11-22T18:22:25.395Z] [runtime-status] [54896] Resolved module firebase-admin {"declared":true,"installed":true,"version":"9.12.0","resolution":"/Users/tylerbratt/Personal Projects/amazon-clone/functions/node_modules/firebase-admin/lib/index.js"} {"metadata":{"emulator":{"name":"functions"},"message":"[runtime-status] [54896] Resolved module firebase-admin {\"declared\":true,\"installed\":true,\"version\":\"9.12.0\",\"resolution\":\"/Users/tylerbratt/Personal Projects/amazon-clone/functions/node_modules/firebase-admin/lib/index.js\"}"}}
[debug] [2021-11-22T18:22:25.396Z] [runtime-status] [54896] Resolved module firebase-functions {"declared":true,"installed":true,"version":"3.16.0","resolution":"/Users/tylerbratt/Personal Projects/amazon-clone/functions/node_modules/firebase-functions/lib/index.js"} {"metadata":{"emulator":{"name":"functions"},"message":"[runtime-status] [54896] Resolved module firebase-functions {\"declared\":true,\"installed\":true,\"version\":\"3.16.0\",\"resolution\":\"/Users/tylerbratt/Personal Projects/amazon-clone/functions/node_modules/firebase-functions/lib/index.js\"}"}}
[debug] [2021-11-22T18:22:25.397Z] [runtime-status] [54896] Outgoing network have been stubbed. [{"name":"http","status":"mocked"},{"name":"http","status":"mocked"},{"name":"https","status":"mocked"},{"name":"https","status":"mocked"},{"name":"net","status":"mocked"}] {"metadata":{"emulator":{"name":"functions"},"message":"[runtime-status] [54896] Outgoing network have been stubbed. [{\"name\":\"http\",\"status\":\"mocked\"},{\"name\":\"http\",\"status\":\"mocked\"},{\"name\":\"https\",\"status\":\"mocked\"},{\"name\":\"https\",\"status\":\"mocked\"},{\"name\":\"net\",\"status\":\"mocked\"}]"}}
[debug] [2021-11-22T18:22:25.397Z] [runtime-status] [54896] Resolved module firebase-functions {"declared":true,"installed":true,"version":"3.16.0","resolution":"/Users/tylerbratt/Personal Projects/amazon-clone/functions/node_modules/firebase-functions/lib/index.js"} {"metadata":{"emulator":{"name":"functions"},"message":"[runtime-status] [54896] Resolved module firebase-functions {\"declared\":true,\"installed\":true,\"version\":\"3.16.0\",\"resolution\":\"/Users/tylerbratt/Personal Projects/amazon-clone/functions/node_modules/firebase-functions/lib/index.js\"}"}}
[debug] [2021-11-22T18:22:25.412Z] [runtime-status] [54896] Checked functions.config() {"config":{}} {"metadata":{"emulator":{"name":"functions"},"message":"[runtime-status] [54896] Checked functions.config() {\"config\":{}}"}}
[debug] [2021-11-22T18:22:25.412Z] [runtime-status] [54896] firebase-functions has been stubbed. {"functionsResolution":{"declared":true,"installed":true,"version":"3.16.0","resolution":"/Users/tylerbratt/Personal Projects/amazon-clone/functions/node_modules/firebase-functions/lib/index.js"}} {"metadata":{"emulator":{"name":"functions"},"message":"[runtime-status] [54896] firebase-functions has been stubbed. {\"functionsResolution\":{\"declared\":true,\"installed\":true,\"version\":\"3.16.0\",\"resolution\":\"/Users/tylerbratt/Personal Projects/amazon-clone/functions/node_modules/firebase-functions/lib/index.js\"}}"}}
[debug] [2021-11-22T18:22:25.412Z] [runtime-status] [54896] Resolved module firebase-functions {"declared":true,"installed":true,"version":"3.16.0","resolution":"/Users/tylerbratt/Personal Projects/amazon-clone/functions/node_modules/firebase-functions/lib/index.js"} {"metadata":{"emulator":{"name":"functions"},"message":"[runtime-status] [54896] Resolved module firebase-functions {\"declared\":true,\"installed\":true,\"version\":\"3.16.0\",\"resolution\":\"/Users/tylerbratt/Personal Projects/amazon-clone/functions/node_modules/firebase-functions/lib/index.js\"}"}}
[debug] [2021-11-22T18:22:25.413Z] [runtime-status] [54896] Resolved module firebase-admin {"declared":true,"installed":true,"version":"9.12.0","resolution":"/Users/tylerbratt/Personal Projects/amazon-clone/functions/node_modules/firebase-admin/lib/index.js"} {"metadata":{"emulator":{"name":"functions"},"message":"[runtime-status] [54896] Resolved module firebase-admin {\"declared\":true,\"installed\":true,\"version\":\"9.12.0\",\"resolution\":\"/Users/tylerbratt/Personal Projects/amazon-clone/functions/node_modules/firebase-admin/lib/index.js\"}"}}
[debug] [2021-11-22T18:22:25.413Z] [runtime-status] [54896] Resolved module firebase-functions {"declared":true,"installed":true,"version":"3.16.0","resolution":"/Users/tylerbratt/Personal Projects/amazon-clone/functions/node_modules/firebase-functions/lib/index.js"} {"metadata":{"emulator":{"name":"functions"},"message":"[runtime-status] [54896] Resolved module firebase-functions {\"declared\":true,\"installed\":true,\"version\":\"3.16.0\",\"resolution\":\"/Users/tylerbratt/Personal Projects/amazon-clone/functions/node_modules/firebase-functions/lib/index.js\"}"}}
[debug] [2021-11-22T18:22:25.413Z] [runtime-status] [54896] firebase-admin has been stubbed. {"adminResolution":{"declared":true,"installed":true,"version":"9.12.0","resolution":"/Users/tylerbratt/Personal Projects/amazon-clone/functions/node_modules/firebase-admin/lib/index.js"}} {"metadata":{"emulator":{"name":"functions"},"message":"[runtime-status] [54896] firebase-admin has been stubbed. {\"adminResolution\":{\"declared\":true,\"installed\":true,\"version\":\"9.12.0\",\"resolution\":\"/Users/tylerbratt/Personal Projects/amazon-clone/functions/node_modules/firebase-admin/lib/index.js\"}}"}}
[debug] [2021-11-22T18:22:25.444Z] [worker-~diagnostic~-8691025f-81e7-4e93-b7dd-c3e3b61cfb61]: IDLE {"metadata":{"emulator":{"name":"functions"},"message":"[worker-~diagnostic~-8691025f-81e7-4e93-b7dd-c3e3b61cfb61]: IDLE"}}
[info] ✔  functions[us-central1-api]: http function initialized (http://localhost:5001/market-clone/us-central1/api). {"metadata":{"emulator":{"name":"functions"},"message":"\u001b[1mhttp\u001b[22m function initialized (http://localhost:5001/market-clone/us-central1/api)."}}
[debug] [2021-11-22T18:31:26.656Z] [work-queue] {"queueLength":1,"workRunningCount":0}
[debug] [2021-11-22T18:31:26.657Z] [work-queue] {"queueLength":0,"workRunningCount":1}
[debug] [2021-11-22T18:31:26.658Z] Accepted request POST /market-clone/us-central1/api/payments/create?total=149195 --> us-central1-api
[debug] [2021-11-22T18:31:26.665Z] [worker-pool] addWorker(us-central1-api) {"metadata":{"emulator":{"name":"functions"},"message":"[worker-pool] addWorker(us-central1-api)"}}
[debug] [2021-11-22T18:31:26.665Z] [worker-pool] Adding worker with key us-central1-api, total=1 {"metadata":{"emulator":{"name":"functions"},"message":"[worker-pool] Adding worker with key us-central1-api, total=1"}}
[debug] [2021-11-22T18:31:26.665Z] [worker-pool] submitWork(triggerId=us-central1-api) {"metadata":{"emulator":{"name":"functions"},"message":"[worker-pool] submitWork(triggerId=us-central1-api)"}}
[debug] [2021-11-22T18:31:26.666Z] [worker-us-central1-api-eaec686b-89a3-40d8-8d9b-686badae7bfd]: Assigning socketPath: /var/folders/rs/s88ddj0x6f3_6gbb8z5th7vm0000gn/T/fire_emu_56052.sock {"metadata":{"emulator":{"name":"functions"},"message":"[worker-us-central1-api-eaec686b-89a3-40d8-8d9b-686badae7bfd]: Assigning socketPath: /var/folders/rs/s88ddj0x6f3_6gbb8z5th7vm0000gn/T/fire_emu_56052.sock"}}
[debug] [2021-11-22T18:31:26.666Z] [worker-us-central1-api-eaec686b-89a3-40d8-8d9b-686badae7bfd]: BUSY {"metadata":{"emulator":{"name":"functions"},"message":"[worker-us-central1-api-eaec686b-89a3-40d8-8d9b-686badae7bfd]: BUSY"}}
[debug] [2021-11-22T18:31:26.788Z] [runtime-status] [56052] Functions runtime initialized. {"cwd":"/Users/tylerbratt/Personal Projects/amazon-clone/functions","node_version":"15.11.0"} {"metadata":{"emulator":{"name":"functions"},"function":{"name":"us-central1-api"},"message":"[runtime-status] [56052] Functions runtime initialized. {\"cwd\":\"/Users/tylerbratt/Personal Projects/amazon-clone/functions\",\"node_version\":\"15.11.0\"}"}}
[debug] [2021-11-22T18:31:26.789Z] [runtime-status] [56052] Disabled runtime features: undefined {"metadata":{"emulator":{"name":"functions"},"function":{"name":"us-central1-api"},"message":"[runtime-status] [56052] Disabled runtime features: undefined"}}
[debug] [2021-11-22T18:31:26.791Z] [runtime-status] [56052] Resolved module firebase-admin {"declared":true,"installed":true,"version":"9.12.0","resolution":"/Users/tylerbratt/Personal Projects/amazon-clone/functions/node_modules/firebase-admin/lib/index.js"} {"metadata":{"emulator":{"name":"functions"},"function":{"name":"us-central1-api"},"message":"[runtime-status] [56052] Resolved module firebase-admin {\"declared\":true,\"installed\":true,\"version\":\"9.12.0\",\"resolution\":\"/Users/tylerbratt/Personal Projects/amazon-clone/functions/node_modules/firebase-admin/lib/index.js\"}"}}
[debug] [2021-11-22T18:31:26.794Z] [runtime-status] [56052] Resolved module firebase-functions {"declared":true,"installed":true,"version":"3.16.0","resolution":"/Users/tylerbratt/Personal Projects/amazon-clone/functions/node_modules/firebase-functions/lib/index.js"} {"metadata":{"emulator":{"name":"functions"},"function":{"name":"us-central1-api"},"message":"[runtime-status] [56052] Resolved module firebase-functions {\"declared\":true,\"installed\":true,\"version\":\"3.16.0\",\"resolution\":\"/Users/tylerbratt/Personal Projects/amazon-clone/functions/node_modules/firebase-functions/lib/index.js\"}"}}
[debug] [2021-11-22T18:31:26.795Z] [runtime-status] [56052] Outgoing network have been stubbed. [{"name":"http","status":"mocked"},{"name":"http","status":"mocked"},{"name":"https","status":"mocked"},{"name":"https","status":"mocked"},{"name":"net","status":"mocked"}] {"metadata":{"emulator":{"name":"functions"},"function":{"name":"us-central1-api"},"message":"[runtime-status] [56052] Outgoing network have been stubbed. [{\"name\":\"http\",\"status\":\"mocked\"},{\"name\":\"http\",\"status\":\"mocked\"},{\"name\":\"https\",\"status\":\"mocked\"},{\"name\":\"https\",\"status\":\"mocked\"},{\"name\":\"net\",\"status\":\"mocked\"}]"}}
[debug] [2021-11-22T18:31:26.795Z] [runtime-status] [56052] Resolved module firebase-functions {"declared":true,"installed":true,"version":"3.16.0","resolution":"/Users/tylerbratt/Personal Projects/amazon-clone/functions/node_modules/firebase-functions/lib/index.js"} {"metadata":{"emulator":{"name":"functions"},"function":{"name":"us-central1-api"},"message":"[runtime-status] [56052] Resolved module firebase-functions {\"declared\":true,\"installed\":true,\"version\":\"3.16.0\",\"resolution\":\"/Users/tylerbratt/Personal Projects/amazon-clone/functions/node_modules/firebase-functions/lib/index.js\"}"}}
[debug] [2021-11-22T18:31:26.827Z] [runtime-status] [56052] Checked functions.config() {"config":{}} {"metadata":{"emulator":{"name":"functions"},"function":{"name":"us-central1-api"},"message":"[runtime-status] [56052] Checked functions.config() {\"config\":{}}"}}
[debug] [2021-11-22T18:31:26.827Z] [runtime-status] [56052] firebase-functions has been stubbed. {"functionsResolution":{"declared":true,"installed":true,"version":"3.16.0","resolution":"/Users/tylerbratt/Personal Projects/amazon-clone/functions/node_modules/firebase-functions/lib/index.js"}} {"metadata":{"emulator":{"name":"functions"},"function":{"name":"us-central1-api"},"message":"[runtime-status] [56052] firebase-functions has been stubbed. {\"functionsResolution\":{\"declared\":true,\"installed\":true,\"version\":\"3.16.0\",\"resolution\":\"/Users/tylerbratt/Personal Projects/amazon-clone/functions/node_modules/firebase-functions/lib/index.js\"}}"}}
[debug] [2021-11-22T18:31:26.827Z] [runtime-status] [56052] Resolved module firebase-functions {"declared":true,"installed":true,"version":"3.16.0","resolution":"/Users/tylerbratt/Personal Projects/amazon-clone/functions/node_modules/firebase-functions/lib/index.js"} {"metadata":{"emulator":{"name":"functions"},"function":{"name":"us-central1-api"},"message":"[runtime-status] [56052] Resolved module firebase-functions {\"declared\":true,\"installed\":true,\"version\":\"3.16.0\",\"resolution\":\"/Users/tylerbratt/Personal Projects/amazon-clone/functions/node_modules/firebase-functions/lib/index.js\"}"}}
[debug] [2021-11-22T18:31:26.828Z] [runtime-status] [56052] Resolved module firebase-admin {"declared":true,"installed":true,"version":"9.12.0","resolution":"/Users/tylerbratt/Personal Projects/amazon-clone/functions/node_modules/firebase-admin/lib/index.js"} {"metadata":{"emulator":{"name":"functions"},"function":{"name":"us-central1-api"},"message":"[runtime-status] [56052] Resolved module firebase-admin {\"declared\":true,\"installed\":true,\"version\":\"9.12.0\",\"resolution\":\"/Users/tylerbratt/Personal Projects/amazon-clone/functions/node_modules/firebase-admin/lib/index.js\"}"}}
[debug] [2021-11-22T18:31:26.828Z] [runtime-status] [56052] Resolved module firebase-functions {"declared":true,"installed":true,"version":"3.16.0","resolution":"/Users/tylerbratt/Personal Projects/amazon-clone/functions/node_modules/firebase-functions/lib/index.js"} {"metadata":{"emulator":{"name":"functions"},"function":{"name":"us-central1-api"},"message":"[runtime-status] [56052] Resolved module firebase-functions {\"declared\":true,\"installed\":true,\"version\":\"3.16.0\",\"resolution\":\"/Users/tylerbratt/Personal Projects/amazon-clone/functions/node_modules/firebase-functions/lib/index.js\"}"}}
[debug] [2021-11-22T18:31:26.828Z] [runtime-status] [56052] firebase-admin has been stubbed. {"adminResolution":{"declared":true,"installed":true,"version":"9.12.0","resolution":"/Users/tylerbratt/Personal Projects/amazon-clone/functions/node_modules/firebase-admin/lib/index.js"}} {"metadata":{"emulator":{"name":"functions"},"function":{"name":"us-central1-api"},"message":"[runtime-status] [56052] firebase-admin has been stubbed. {\"adminResolution\":{\"declared\":true,\"installed\":true,\"version\":\"9.12.0\",\"resolution\":\"/Users/tylerbratt/Personal Projects/amazon-clone/functions/node_modules/firebase-admin/lib/index.js\"}}"}}
[debug] [2021-11-22T18:31:26.893Z] [runtime-status] [56052] Trigger "us-central1-api" has been found, beginning invocation! {"metadata":{"emulator":{"name":"functions"},"function":{"name":"us-central1-api"},"message":"[runtime-status] [56052] Trigger \"us-central1-api\" has been found, beginning invocation!"}}
[info] i  functions: Beginning execution of "us-central1-api" {"metadata":{"emulator":{"name":"functions"},"function":{"name":"us-central1-api"},"message":"Beginning execution of \"us-central1-api\""}}
[debug] [2021-11-22T18:31:26.894Z] [runtime-status] [56052] triggerDefinition {"httpsTrigger":{},"name":"api","entryPoint":"api","regions":["us-central1"],"region":"us-central1","id":"us-central1-api"} {"metadata":{"emulator":{"name":"functions"},"function":{"name":"us-central1-api"},"message":"[runtime-status] [56052] triggerDefinition {\"httpsTrigger\":{},\"name\":\"api\",\"entryPoint\":\"api\",\"regions\":[\"us-central1\"],\"region\":\"us-central1\",\"id\":\"us-central1-api\"}"}}
[debug] [2021-11-22T18:31:26.894Z] [runtime-status] [56052] Running us-central1-api in signature http {"metadata":{"emulator":{"name":"functions"},"function":{"name":"us-central1-api"},"message":"[runtime-status] [56052] Running us-central1-api in signature http"}}
[debug] [2021-11-22T18:31:26.895Z] [runtime-status] [56052] Attempting to listen to socketPath: /var/folders/rs/s88ddj0x6f3_6gbb8z5th7vm0000gn/T/fire_emu_56052.sock {"metadata":{"emulator":{"name":"functions"},"function":{"name":"us-central1-api"},"message":"[runtime-status] [56052] Attempting to listen to socketPath: /var/folders/rs/s88ddj0x6f3_6gbb8z5th7vm0000gn/T/fire_emu_56052.sock"}}
[debug] [2021-11-22T18:31:26.897Z] [functions] Runtime ready! Sending request! {"metadata":{"emulator":{"name":"functions"},"message":"[functions] Runtime ready! Sending request!"}}
[debug] [2021-11-22T18:31:26.898Z] [functions] Got req.url=/market-clone/us-central1/api/payments/create?total=149195, mapping to path=/payments/create?total=149195 {"metadata":{"emulator":{"name":"functions"},"message":"[functions] Got req.url=/market-clone/us-central1/api/payments/create?total=149195, mapping to path=/payments/create?total=149195"}}
[debug] [2021-11-22T18:31:26.905Z] [runtime-status] [56052] Ephemeral server handling POST request {"metadata":{"emulator":{"name":"functions"},"function":{"name":"us-central1-api"},"message":"[runtime-status] [56052] Ephemeral server handling POST request"}}
[info] >  Payment request recieved --->> 149195 {"user":"Payment request recieved --->> 149195","metadata":{"emulator":{"name":"functions"},"function":{"name":"us-central1-api"},"message":"\u001b[90m> \u001b[39m Payment request recieved --->> 149195"}}
[debug] [2021-11-22T18:31:26.911Z] [runtime-status] [56052] Ephemeral server survived. {"metadata":{"emulator":{"name":"functions"},"function":{"name":"us-central1-api"},"message":"[runtime-status] [56052] Ephemeral server survived."}}
[info] i  functions: Finished "us-central1-api" in ~1s {"metadata":{"emulator":{"name":"functions"},"function":{"name":"us-central1-api"},"message":"Finished \"us-central1-api\" in ~1s"}}
[debug] [2021-11-22T18:31:27.505Z] [worker-us-central1-api-eaec686b-89a3-40d8-8d9b-686badae7bfd]: IDLE {"metadata":{"emulator":{"name":"functions"},"message":"[worker-us-central1-api-eaec686b-89a3-40d8-8d9b-686badae7bfd]: IDLE"}}
[debug] [2021-11-22T18:31:27.505Z] [work-queue] {"queueLength":0,"workRunningCount":0}
[debug] [2021-11-22T18:31:40.581Z] [work-queue] {"queueLength":1,"workRunningCount":0}
[debug] [2021-11-22T18:31:40.581Z] [work-queue] {"queueLength":0,"workRunningCount":1}
[debug] [2021-11-22T18:31:40.581Z] Accepted request POST /market-clone/us-central1/api/payments/create?total=0 --> us-central1-api
[debug] [2021-11-22T18:31:40.581Z] [worker-pool] submitWork(triggerId=us-central1-api) {"metadata":{"emulator":{"name":"functions"},"message":"[worker-pool] submitWork(triggerId=us-central1-api)"}}
[debug] [2021-11-22T18:31:40.582Z] [worker-us-central1-api-eaec686b-89a3-40d8-8d9b-686badae7bfd]: Assigning socketPath: /var/folders/rs/s88ddj0x6f3_6gbb8z5th7vm0000gn/T/fire_emu_56052.sock {"metadata":{"emulator":{"name":"functions"},"message":"[worker-us-central1-api-eaec686b-89a3-40d8-8d9b-686badae7bfd]: Assigning socketPath: /var/folders/rs/s88ddj0x6f3_6gbb8z5th7vm0000gn/T/fire_emu_56052.sock"}}
[debug] [2021-11-22T18:31:40.582Z] [worker-us-central1-api-eaec686b-89a3-40d8-8d9b-686badae7bfd]: BUSY {"metadata":{"emulator":{"name":"functions"},"message":"[worker-us-central1-api-eaec686b-89a3-40d8-8d9b-686badae7bfd]: BUSY"}}
[debug] [2021-11-22T18:31:40.582Z] [runtime-status] [56052] Trigger "us-central1-api" has been found, beginning invocation! {"metadata":{"emulator":{"name":"functions"},"function":{"name":"us-central1-api"},"message":"[runtime-status] [56052] Trigger \"us-central1-api\" has been found, beginning invocation!"}}
[info] i  functions: Beginning execution of "us-central1-api" {"metadata":{"emulator":{"name":"functions"},"function":{"name":"us-central1-api"},"message":"Beginning execution of \"us-central1-api\""}}
[debug] [2021-11-22T18:31:40.583Z] [runtime-status] [56052] triggerDefinition {"httpsTrigger":{},"name":"api","entryPoint":"api","regions":["us-central1"],"region":"us-central1","id":"us-central1-api"} {"metadata":{"emulator":{"name":"functions"},"function":{"name":"us-central1-api"},"message":"[runtime-status] [56052] triggerDefinition {\"httpsTrigger\":{},\"name\":\"api\",\"entryPoint\":\"api\",\"regions\":[\"us-central1\"],\"region\":\"us-central1\",\"id\":\"us-central1-api\"}"}}
[debug] [2021-11-22T18:31:40.583Z] [runtime-status] [56052] Running us-central1-api in signature http {"metadata":{"emulator":{"name":"functions"},"function":{"name":"us-central1-api"},"message":"[runtime-status] [56052] Running us-central1-api in signature http"}}
[debug] [2021-11-22T18:31:40.583Z] [runtime-status] [56052] Attempting to listen to socketPath: /var/folders/rs/s88ddj0x6f3_6gbb8z5th7vm0000gn/T/fire_emu_56052.sock {"metadata":{"emulator":{"name":"functions"},"function":{"name":"us-central1-api"},"message":"[runtime-status] [56052] Attempting to listen to socketPath: /var/folders/rs/s88ddj0x6f3_6gbb8z5th7vm0000gn/T/fire_emu_56052.sock"}}
[debug] [2021-11-22T18:31:40.584Z] [functions] Runtime ready! Sending request! {"metadata":{"emulator":{"name":"functions"},"message":"[functions] Runtime ready! Sending request!"}}
[debug] [2021-11-22T18:31:40.585Z] [functions] Got req.url=/market-clone/us-central1/api/payments/create?total=0, mapping to path=/payments/create?total=0 {"metadata":{"emulator":{"name":"functions"},"message":"[functions] Got req.url=/market-clone/us-central1/api/payments/create?total=0, mapping to path=/payments/create?total=0"}}
[debug] [2021-11-22T18:31:40.588Z] [runtime-status] [56052] Ephemeral server handling POST request {"metadata":{"emulator":{"name":"functions"},"function":{"name":"us-central1-api"},"message":"[runtime-status] [56052] Ephemeral server handling POST request"}}
[info] >  Payment request recieved --->> 0 {"user":"Payment request recieved --->> 0","metadata":{"emulator":{"name":"functions"},"function":{"name":"us-central1-api"},"message":"\u001b[90m> \u001b[39m Payment request recieved --->> 0"}}
[debug] [2021-11-22T18:31:40.589Z] [runtime-status] [56052] Ephemeral server survived. {"metadata":{"emulator":{"name":"functions"},"function":{"name":"us-central1-api"},"message":"[runtime-status] [56052] Ephemeral server survived."}}
[info] >  /Users/tylerbratt/Personal Projects/amazon-clone/functions/node_modules/stripe/lib/Error.js:40 {"user":"/Users/tylerbratt/Personal Projects/amazon-clone/functions/node_modules/stripe/lib/Error.js:40","metadata":{"emulator":{"name":"functions"},"function":{"name":"us-central1-api"},"message":"\u001b[90m> \u001b[39m /Users/tylerbratt/Personal Projects/amazon-clone/functions/node_modules/stripe/lib/Error.js:40"}}
[info] >          return new StripeInvalidRequestError(rawStripeError); {"user":"        return new StripeInvalidRequestError(rawStripeError);","metadata":{"emulator":{"name":"functions"},"function":{"name":"us-central1-api"},"message":"\u001b[90m> \u001b[39m         return new StripeInvalidRequestError(rawStripeError);"}}
[info] >                 ^ {"user":"               ^","metadata":{"emulator":{"name":"functions"},"function":{"name":"us-central1-api"},"message":"\u001b[90m> \u001b[39m                ^"}}
[info] >   {"user":"","metadata":{"emulator":{"name":"functions"},"function":{"name":"us-central1-api"},"message":"\u001b[90m> \u001b[39m "}}
[info] >  StripeInvalidRequestError: This value must be greater than or equal to 1. {"user":"StripeInvalidRequestError: This value must be greater than or equal to 1.","metadata":{"emulator":{"name":"functions"},"function":{"name":"us-central1-api"},"message":"\u001b[90m> \u001b[39m StripeInvalidRequestError: This value must be greater than or equal to 1."}}
[info] >      at Function.generate (/Users/tylerbratt/Personal Projects/amazon-clone/functions/node_modules/stripe/lib/Error.js:40:16) {"user":"    at Function.generate (/Users/tylerbratt/Personal Projects/amazon-clone/functions/node_modules/stripe/lib/Error.js:40:16)","metadata":{"emulator":{"name":"functions"},"function":{"name":"us-central1-api"},"message":"\u001b[90m> \u001b[39m     at Function.generate (/Users/tylerbratt/Personal Projects/amazon-clone/functions/node_modules/stripe/lib/Error.js:40:16)"}}
[info] >      at res.toJSON.then.StripeAPIError.message (/Users/tylerbratt/Personal Projects/amazon-clone/functions/node_modules/stripe/lib/StripeResource.js:220:35) {"user":"    at res.toJSON.then.StripeAPIError.message (/Users/tylerbratt/Personal Projects/amazon-clone/functions/node_modules/stripe/lib/StripeResource.js:220:35)","metadata":{"emulator":{"name":"functions"},"function":{"name":"us-central1-api"},"message":"\u001b[90m> \u001b[39m     at res.toJSON.then.StripeAPIError.message (/Users/tylerbratt/Personal Projects/amazon-clone/functions/node_modules/stripe/lib/StripeResource.js:220:35)"}}
[info] >      at processTicksAndRejections (node:internal/process/task_queues:94:5) { {"user":"    at processTicksAndRejections (node:internal/process/task_queues:94:5) {","metadata":{"emulator":{"name":"functions"},"function":{"name":"us-central1-api"},"message":"\u001b[90m> \u001b[39m     at processTicksAndRejections (node:internal/process/task_queues:94:5) {"}}
[info] >    type: 'StripeInvalidRequestError', {"user":"  type: 'StripeInvalidRequestError',","metadata":{"emulator":{"name":"functions"},"function":{"name":"us-central1-api"},"message":"\u001b[90m> \u001b[39m   type: 'StripeInvalidRequestError',"}}
[info] >    raw: { {"user":"  raw: {","metadata":{"emulator":{"name":"functions"},"function":{"name":"us-central1-api"},"message":"\u001b[90m> \u001b[39m   raw: {"}}
[info] >      code: 'parameter_invalid_integer', {"user":"    code: 'parameter_invalid_integer',","metadata":{"emulator":{"name":"functions"},"function":{"name":"us-central1-api"},"message":"\u001b[90m> \u001b[39m     code: 'parameter_invalid_integer',"}}
[info] >      doc_url: 'https://stripe.com/docs/error-codes/parameter-invalid-integer', {"user":"    doc_url: 'https://stripe.com/docs/error-codes/parameter-invalid-integer',","metadata":{"emulator":{"name":"functions"},"function":{"name":"us-central1-api"},"message":"\u001b[90m> \u001b[39m     doc_url: 'https://stripe.com/docs/error-codes/parameter-invalid-integer',"}}
[info] >      message: 'This value must be greater than or equal to 1.', {"user":"    message: 'This value must be greater than or equal to 1.',","metadata":{"emulator":{"name":"functions"},"function":{"name":"us-central1-api"},"message":"\u001b[90m> \u001b[39m     message: 'This value must be greater than or equal to 1.',"}}
[info] >      param: 'amount', {"user":"    param: 'amount',","metadata":{"emulator":{"name":"functions"},"function":{"name":"us-central1-api"},"message":"\u001b[90m> \u001b[39m     param: 'amount',"}}
[info] >      type: 'invalid_request_error', {"user":"    type: 'invalid_request_error',","metadata":{"emulator":{"name":"functions"},"function":{"name":"us-central1-api"},"message":"\u001b[90m> \u001b[39m     type: 'invalid_request_error',"}}
[info] >      headers: { {"user":"    headers: {","metadata":{"emulator":{"name":"functions"},"function":{"name":"us-central1-api"},"message":"\u001b[90m> \u001b[39m     headers: {"}}
[info] >        server: 'nginx', {"user":"      server: 'nginx',","metadata":{"emulator":{"name":"functions"},"function":{"name":"us-central1-api"},"message":"\u001b[90m> \u001b[39m       server: 'nginx',"}}
[info] >        date: 'Mon, 22 Nov 2021 18:31:40 GMT', {"user":"      date: 'Mon, 22 Nov 2021 18:31:40 GMT',","metadata":{"emulator":{"name":"functions"},"function":{"name":"us-central1-api"},"message":"\u001b[90m> \u001b[39m       date: 'Mon, 22 Nov 2021 18:31:40 GMT',"}}
[info] >        'content-type': 'application/json', {"user":"      'content-type': 'application/json',","metadata":{"emulator":{"name":"functions"},"function":{"name":"us-central1-api"},"message":"\u001b[90m> \u001b[39m       'content-type': 'application/json',"}}
[info] >        'content-length': '266', {"user":"      'content-length': '266',","metadata":{"emulator":{"name":"functions"},"function":{"name":"us-central1-api"},"message":"\u001b[90m> \u001b[39m       'content-length': '266',"}}
[info] >        connection: 'keep-alive', {"user":"      connection: 'keep-alive',","metadata":{"emulator":{"name":"functions"},"function":{"name":"us-central1-api"},"message":"\u001b[90m> \u001b[39m       connection: 'keep-alive',"}}
[info] >        'access-control-allow-credentials': 'true', {"user":"      'access-control-allow-credentials': 'true',","metadata":{"emulator":{"name":"functions"},"function":{"name":"us-central1-api"},"message":"\u001b[90m> \u001b[39m       'access-control-allow-credentials': 'true',"}}
[info] >        'access-control-allow-methods': 'GET, POST, HEAD, OPTIONS, DELETE', {"user":"      'access-control-allow-methods': 'GET, POST, HEAD, OPTIONS, DELETE',","metadata":{"emulator":{"name":"functions"},"function":{"name":"us-central1-api"},"message":"\u001b[90m> \u001b[39m       'access-control-allow-methods': 'GET, POST, HEAD, OPTIONS, DELETE',"}}
[info] >        'access-control-allow-origin': '*', {"user":"      'access-control-allow-origin': '*',","metadata":{"emulator":{"name":"functions"},"function":{"name":"us-central1-api"},"message":"\u001b[90m> \u001b[39m       'access-control-allow-origin': '*',"}}
[info] >        'access-control-expose-headers': 'Request-Id, Stripe-Manage-Version, X-Stripe-External-Auth-Required, X-Stripe-Privileged-Session-Required', {"user":"      'access-control-expose-headers': 'Request-Id, Stripe-Manage-Version, X-Stripe-External-Auth-Required, X-Stripe-Privileged-Session-Required',","metadata":{"emulator":{"name":"functions"},"function":{"name":"us-central1-api"},"message":"\u001b[90m> \u001b[39m       'access-control-expose-headers': 'Request-Id, Stripe-Manage-Version, X-Stripe-External-Auth-Required, X-Stripe-Privileged-Session-Required',"}}
[info] >        'access-control-max-age': '300', {"user":"      'access-control-max-age': '300',","metadata":{"emulator":{"name":"functions"},"function":{"name":"us-central1-api"},"message":"\u001b[90m> \u001b[39m       'access-control-max-age': '300',"}}
[info] >        'cache-control': 'no-cache, no-store', {"user":"      'cache-control': 'no-cache, no-store',","metadata":{"emulator":{"name":"functions"},"function":{"name":"us-central1-api"},"message":"\u001b[90m> \u001b[39m       'cache-control': 'no-cache, no-store',"}}
[info] >        'idempotency-key': 'fdbcf407-ecde-4a70-ac82-0af48d1d4593', {"user":"      'idempotency-key': 'fdbcf407-ecde-4a70-ac82-0af48d1d4593',","metadata":{"emulator":{"name":"functions"},"function":{"name":"us-central1-api"},"message":"\u001b[90m> \u001b[39m       'idempotency-key': 'fdbcf407-ecde-4a70-ac82-0af48d1d4593',"}}
[info] >        'original-request': 'req_mpsUFbXeSDzHdf', {"user":"      'original-request': 'req_mpsUFbXeSDzHdf',","metadata":{"emulator":{"name":"functions"},"function":{"name":"us-central1-api"},"message":"\u001b[90m> \u001b[39m       'original-request': 'req_mpsUFbXeSDzHdf',"}}
[info] >        'request-id': 'req_mpsUFbXeSDzHdf', {"user":"      'request-id': 'req_mpsUFbXeSDzHdf',","metadata":{"emulator":{"name":"functions"},"function":{"name":"us-central1-api"},"message":"\u001b[90m> \u001b[39m       'request-id': 'req_mpsUFbXeSDzHdf',"}}
[info] >        'stripe-version': '2020-08-27', {"user":"      'stripe-version': '2020-08-27',","metadata":{"emulator":{"name":"functions"},"function":{"name":"us-central1-api"},"message":"\u001b[90m> \u001b[39m       'stripe-version': '2020-08-27',"}}
[info] >        'strict-transport-security': 'max-age=31556926; includeSubDomains; preload' {"user":"      'strict-transport-security': 'max-age=31556926; includeSubDomains; preload'","metadata":{"emulator":{"name":"functions"},"function":{"name":"us-central1-api"},"message":"\u001b[90m> \u001b[39m       'strict-transport-security': 'max-age=31556926; includeSubDomains; preload'"}}
[info] >      }, {"user":"    },","metadata":{"emulator":{"name":"functions"},"function":{"name":"us-central1-api"},"message":"\u001b[90m> \u001b[39m     },"}}
[info] >      statusCode: 400, {"user":"    statusCode: 400,","metadata":{"emulator":{"name":"functions"},"function":{"name":"us-central1-api"},"message":"\u001b[90m> \u001b[39m     statusCode: 400,"}}
[info] >      requestId: 'req_mpsUFbXeSDzHdf' {"user":"    requestId: 'req_mpsUFbXeSDzHdf'","metadata":{"emulator":{"name":"functions"},"function":{"name":"us-central1-api"},"message":"\u001b[90m> \u001b[39m     requestId: 'req_mpsUFbXeSDzHdf'"}}
[info] >    }, {"user":"  },","metadata":{"emulator":{"name":"functions"},"function":{"name":"us-central1-api"},"message":"\u001b[90m> \u001b[39m   },"}}
[info] >    rawType: 'invalid_request_error', {"user":"  rawType: 'invalid_request_error',","metadata":{"emulator":{"name":"functions"},"function":{"name":"us-central1-api"},"message":"\u001b[90m> \u001b[39m   rawType: 'invalid_request_error',"}}
[info] >    code: 'parameter_invalid_integer', {"user":"  code: 'parameter_invalid_integer',","metadata":{"emulator":{"name":"functions"},"function":{"name":"us-central1-api"},"message":"\u001b[90m> \u001b[39m   code: 'parameter_invalid_integer',"}}
[info] >    doc_url: 'https://stripe.com/docs/error-codes/parameter-invalid-integer', {"user":"  doc_url: 'https://stripe.com/docs/error-codes/parameter-invalid-integer',","metadata":{"emulator":{"name":"functions"},"function":{"name":"us-central1-api"},"message":"\u001b[90m> \u001b[39m   doc_url: 'https://stripe.com/docs/error-codes/parameter-invalid-integer',"}}
[info] >    param: 'amount', {"user":"  param: 'amount',","metadata":{"emulator":{"name":"functions"},"function":{"name":"us-central1-api"},"message":"\u001b[90m> \u001b[39m   param: 'amount',"}}
[info] >    detail: undefined, {"user":"  detail: undefined,","metadata":{"emulator":{"name":"functions"},"function":{"name":"us-central1-api"},"message":"\u001b[90m> \u001b[39m   detail: undefined,"}}
[info] >    headers: { {"user":"  headers: {","metadata":{"emulator":{"name":"functions"},"function":{"name":"us-central1-api"},"message":"\u001b[90m> \u001b[39m   headers: {"}}
[info] >      server: 'nginx', {"user":"    server: 'nginx',","metadata":{"emulator":{"name":"functions"},"function":{"name":"us-central1-api"},"message":"\u001b[90m> \u001b[39m     server: 'nginx',"}}
[info] >      date: 'Mon, 22 Nov 2021 18:31:40 GMT', {"user":"    date: 'Mon, 22 Nov 2021 18:31:40 GMT',","metadata":{"emulator":{"name":"functions"},"function":{"name":"us-central1-api"},"message":"\u001b[90m> \u001b[39m     date: 'Mon, 22 Nov 2021 18:31:40 GMT',"}}
[info] >      'content-type': 'application/json', {"user":"    'content-type': 'application/json',","metadata":{"emulator":{"name":"functions"},"function":{"name":"us-central1-api"},"message":"\u001b[90m> \u001b[39m     'content-type': 'application/json',"}}
[info] >      'content-length': '266', {"user":"    'content-length': '266',","metadata":{"emulator":{"name":"functions"},"function":{"name":"us-central1-api"},"message":"\u001b[90m> \u001b[39m     'content-length': '266',"}}
[info] >      connection: 'keep-alive', {"user":"    connection: 'keep-alive',","metadata":{"emulator":{"name":"functions"},"function":{"name":"us-central1-api"},"message":"\u001b[90m> \u001b[39m     connection: 'keep-alive',"}}
[info] >      'access-control-allow-credentials': 'true', {"user":"    'access-control-allow-credentials': 'true',","metadata":{"emulator":{"name":"functions"},"function":{"name":"us-central1-api"},"message":"\u001b[90m> \u001b[39m     'access-control-allow-credentials': 'true',"}}
[info] >      'access-control-allow-methods': 'GET, POST, HEAD, OPTIONS, DELETE', {"user":"    'access-control-allow-methods': 'GET, POST, HEAD, OPTIONS, DELETE',","metadata":{"emulator":{"name":"functions"},"function":{"name":"us-central1-api"},"message":"\u001b[90m> \u001b[39m     'access-control-allow-methods': 'GET, POST, HEAD, OPTIONS, DELETE',"}}
[info] >      'access-control-allow-origin': '*', {"user":"    'access-control-allow-origin': '*',","metadata":{"emulator":{"name":"functions"},"function":{"name":"us-central1-api"},"message":"\u001b[90m> \u001b[39m     'access-control-allow-origin': '*',"}}
[info] >      'access-control-expose-headers': 'Request-Id, Stripe-Manage-Version, X-Stripe-External-Auth-Required, X-Stripe-Privileged-Session-Required', {"user":"    'access-control-expose-headers': 'Request-Id, Stripe-Manage-Version, X-Stripe-External-Auth-Required, X-Stripe-Privileged-Session-Required',","metadata":{"emulator":{"name":"functions"},"function":{"name":"us-central1-api"},"message":"\u001b[90m> \u001b[39m     'access-control-expose-headers': 'Request-Id, Stripe-Manage-Version, X-Stripe-External-Auth-Required, X-Stripe-Privileged-Session-Required',"}}
[info] >      'access-control-max-age': '300', {"user":"    'access-control-max-age': '300',","metadata":{"emulator":{"name":"functions"},"function":{"name":"us-central1-api"},"message":"\u001b[90m> \u001b[39m     'access-control-max-age': '300',"}}
[info] >      'cache-control': 'no-cache, no-store', {"user":"    'cache-control': 'no-cache, no-store',","metadata":{"emulator":{"name":"functions"},"function":{"name":"us-central1-api"},"message":"\u001b[90m> \u001b[39m     'cache-control': 'no-cache, no-store',"}}
[info] >      'idempotency-key': 'fdbcf407-ecde-4a70-ac82-0af48d1d4593', {"user":"    'idempotency-key': 'fdbcf407-ecde-4a70-ac82-0af48d1d4593',","metadata":{"emulator":{"name":"functions"},"function":{"name":"us-central1-api"},"message":"\u001b[90m> \u001b[39m     'idempotency-key': 'fdbcf407-ecde-4a70-ac82-0af48d1d4593',"}}
[info] >      'original-request': 'req_mpsUFbXeSDzHdf', {"user":"    'original-request': 'req_mpsUFbXeSDzHdf',","metadata":{"emulator":{"name":"functions"},"function":{"name":"us-central1-api"},"message":"\u001b[90m> \u001b[39m     'original-request': 'req_mpsUFbXeSDzHdf',"}}
[info] >      'request-id': 'req_mpsUFbXeSDzHdf', {"user":"    'request-id': 'req_mpsUFbXeSDzHdf',","metadata":{"emulator":{"name":"functions"},"function":{"name":"us-central1-api"},"message":"\u001b[90m> \u001b[39m     'request-id': 'req_mpsUFbXeSDzHdf',"}}
[info] >      'stripe-version': '2020-08-27', {"user":"    'stripe-version': '2020-08-27',","metadata":{"emulator":{"name":"functions"},"function":{"name":"us-central1-api"},"message":"\u001b[90m> \u001b[39m     'stripe-version': '2020-08-27',"}}
[info] >      'strict-transport-security': 'max-age=31556926; includeSubDomains; preload' {"user":"    'strict-transport-security': 'max-age=31556926; includeSubDomains; preload'","metadata":{"emulator":{"name":"functions"},"function":{"name":"us-central1-api"},"message":"\u001b[90m> \u001b[39m     'strict-transport-security': 'max-age=31556926; includeSubDomains; preload'"}}
[info] >    }, {"user":"  },","metadata":{"emulator":{"name":"functions"},"function":{"name":"us-central1-api"},"message":"\u001b[90m> \u001b[39m   },"}}
[info] >    requestId: 'req_mpsUFbXeSDzHdf', {"user":"  requestId: 'req_mpsUFbXeSDzHdf',","metadata":{"emulator":{"name":"functions"},"function":{"name":"us-central1-api"},"message":"\u001b[90m> \u001b[39m   requestId: 'req_mpsUFbXeSDzHdf',"}}
[info] >    statusCode: 400, {"user":"  statusCode: 400,","metadata":{"emulator":{"name":"functions"},"function":{"name":"us-central1-api"},"message":"\u001b[90m> \u001b[39m   statusCode: 400,"}}
[info] >    charge: undefined, {"user":"  charge: undefined,","metadata":{"emulator":{"name":"functions"},"function":{"name":"us-central1-api"},"message":"\u001b[90m> \u001b[39m   charge: undefined,"}}
[info] >    decline_code: undefined, {"user":"  decline_code: undefined,","metadata":{"emulator":{"name":"functions"},"function":{"name":"us-central1-api"},"message":"\u001b[90m> \u001b[39m   decline_code: undefined,"}}
[info] >    payment_intent: undefined, {"user":"  payment_intent: undefined,","metadata":{"emulator":{"name":"functions"},"function":{"name":"us-central1-api"},"message":"\u001b[90m> \u001b[39m   payment_intent: undefined,"}}
[info] >    payment_method: undefined, {"user":"  payment_method: undefined,","metadata":{"emulator":{"name":"functions"},"function":{"name":"us-central1-api"},"message":"\u001b[90m> \u001b[39m   payment_method: undefined,"}}
[info] >    payment_method_type: undefined, {"user":"  payment_method_type: undefined,","metadata":{"emulator":{"name":"functions"},"function":{"name":"us-central1-api"},"message":"\u001b[90m> \u001b[39m   payment_method_type: undefined,"}}
[info] >    setup_intent: undefined, {"user":"  setup_intent: undefined,","metadata":{"emulator":{"name":"functions"},"function":{"name":"us-central1-api"},"message":"\u001b[90m> \u001b[39m   setup_intent: undefined,"}}
[info] >    source: undefined {"user":"  source: undefined","metadata":{"emulator":{"name":"functions"},"function":{"name":"us-central1-api"},"message":"\u001b[90m> \u001b[39m   source: undefined"}}
[info] >  } {"user":"}","metadata":{"emulator":{"name":"functions"},"function":{"name":"us-central1-api"},"message":"\u001b[90m> \u001b[39m }"}}
[debug] [2021-11-22T18:31:40.815Z] [worker-us-central1-api-eaec686b-89a3-40d8-8d9b-686badae7bfd]: exited {"metadata":{"emulator":{"name":"functions"},"message":"[worker-us-central1-api-eaec686b-89a3-40d8-8d9b-686badae7bfd]: exited"}}
[debug] [2021-11-22T18:31:40.815Z] [worker-us-central1-api-eaec686b-89a3-40d8-8d9b-686badae7bfd]: FINISHED {"metadata":{"emulator":{"name":"functions"},"message":"[worker-us-central1-api-eaec686b-89a3-40d8-8d9b-686badae7bfd]: FINISHED"}}
[debug] [2021-11-22T18:31:40.816Z] [work-queue] {"queueLength":0,"workRunningCount":0}
